<?xml version="1.0" encoding="UTF-8"?>
<!-- Generated by org.testng.reporters.JUnitReportReporter -->
<testsuite skipped="0" hostname="qainfotech-HP-Pro-3090-Microtower-PC" name="com.qainfotech.mavenpro.TestConsecutiveletters" tests="1" failures="0" timestamp="06 Feb 2019 11:57:11 GMT" time="0.042" errors="0">
  <testcase name="testApp" time="0.042" classname="com.qainfotech.mavenpro.TestConsecutiveletters"/>
</testsuite> <!-- com.qainfotech.mavenpro.TestConsecutiveletters -->
